# JRE version: Java(TM) SE Runtime Environment (8.0_141-b15) (build 1.8.0_141-b15)
# Java VM: Java HotSpot(TM) 64-Bit Server VM (25.141-b15 mixed mode windows-amd64 compressed oops)
Heap:
 PSYoungGen      total 326656K, used 182029K [0x00000000d6e00000, 0x00000000f0c80000, 0x0000000100000000)
  eden space 238080K, 42% used [0x00000000d6e00000,0x00000000dd0074a0,0x00000000e5680000)
  from space 88576K, 92% used [0x00000000eaf00000,0x00000000efebc080,0x00000000f0580000)
  to   space 90624K, 0% used [0x00000000e5680000,0x00000000e5680000,0x00000000eaf00000)
 ParOldGen       total 721408K, used 701950K [0x0000000084a00000, 0x00000000b0a80000, 0x00000000d6e00000)
  object space 721408K, 97% used [0x0000000084a00000,0x00000000af77f9e0,0x00000000b0a80000)
 Metaspace       used 8435K, capacity 8489K, committed 8576K, reserved 1056768K
  class space    used 800K, capacity 817K, committed 896K, reserved 1048576K
GC Heap History (10 events):
Event: 2066.189 GC heap before
{Heap before GC invocations=909 (full 19):
 PSYoungGen      total 311296K, used 296654K [0x00000000d6e00000, 0x00000000eff00000, 0x0000000100000000)
  eden space 226816K, 100% used [0x00000000d6e00000,0x00000000e4b80000,0x00000000e4b80000)
  from space 84480K, 82% used [0x00000000e4b80000,0x00000000e8fb3890,0x00000000e9e00000)
  to   space 83456K, 0% used [0x00000000ead80000,0x00000000ead80000,0x00000000eff00000)
 ParOldGen       total 721408K, used 682318K [0x0000000084a00000, 0x00000000b0a80000, 0x00000000d6e00000)
  object space 721408K, 94% used [0x0000000084a00000,0x00000000ae4539e0,0x00000000b0a80000)
 Metaspace       used 8435K, capacity 8489K, committed 8576K, reserved 1056768K
  class space    used 800K, capacity 817K, committed 896K, reserved 1048576K
Event: 2066.242 GC heap after
Heap after GC invocations=909 (full 19):
 PSYoungGen      total 326144K, used 71804K [0x00000000d6e00000, 0x00000000efe80000, 0x0000000100000000)
  eden space 243200K, 0% used [0x00000000d6e00000,0x00000000d6e00000,0x00000000e5b80000)
  from space 82944K, 86% used [0x00000000ead80000,0x00000000ef39f120,0x00000000efe80000)
  to   space 83456K, 0% used [0x00000000e5b80000,0x00000000e5b80000,0x00000000ead00000)
 ParOldGen       total 721408K, used 686374K [0x0000000084a00000, 0x00000000b0a80000, 0x00000000d6e00000)
  object space 721408K, 95% used [0x0000000084a00000,0x00000000ae8499e0,0x00000000b0a80000)
 Metaspace       used 8435K, capacity 8489K, committed 8576K, reserved 1056768K
  class space    used 800K, capacity 817K, committed 896K, reserved 1048576K
}
Event: 2082.766 GC heap before
{Heap before GC invocations=910 (full 19):
 PSYoungGen      total 326144K, used 315004K [0x00000000d6e00000, 0x00000000efe80000, 0x0000000100000000)
  eden space 243200K, 100% used [0x00000000d6e00000,0x00000000e5b80000,0x00000000e5b80000)
  from space 82944K, 86% used [0x00000000ead80000,0x00000000ef39f120,0x00000000efe80000)
  to   space 83456K, 0% used [0x00000000e5b80000,0x00000000e5b80000,0x00000000ead00000)
 ParOldGen       total 721408K, used 686374K [0x0000000084a00000, 0x00000000b0a80000, 0x00000000d6e00000)
  object space 721408K, 95% used [0x0000000084a00000,0x00000000ae8499e0,0x00000000b0a80000)
 Metaspace       used 8435K, capacity 8489K, committed 8576K, reserved 1056768K
  class space    used 800K, capacity 817K, committed 896K, reserved 1048576K
Event: 2082.807 GC heap after
Heap after GC invocations=910 (full 19):
 PSYoungGen      total 309248K, used 75902K [0x00000000d6e00000, 0x00000000ef680000, 0x0000000100000000)
  eden space 232960K, 0% used [0x00000000d6e00000,0x00000000d6e00000,0x00000000e5180000)
  from space 76288K, 99% used [0x00000000e5b80000,0x00000000ea59f910,0x00000000ea600000)
  to   space 82432K, 0% used [0x00000000ea600000,0x00000000ea600000,0x00000000ef680000)
 ParOldGen       total 721408K, used 690206K [0x0000000084a00000, 0x00000000b0a80000, 0x00000000d6e00000)
  object space 721408K, 95% used [0x0000000084a00000,0x00000000aec079e0,0x00000000b0a80000)
 Metaspace       used 8435K, capacity 8489K, committed 8576K, reserved 1056768K
  class space    used 800K, capacity 817K, committed 896K, reserved 1048576K
}
Event: 2098.817 GC heap before
{Heap before GC invocations=911 (full 19):
 PSYoungGen      total 309248K, used 308862K [0x00000000d6e00000, 0x00000000ef680000, 0x0000000100000000)
  eden space 232960K, 100% used [0x00000000d6e00000,0x00000000e5180000,0x00000000e5180000)
  from space 76288K, 99% used [0x00000000e5b80000,0x00000000ea59f910,0x00000000ea600000)
  to   space 82432K, 0% used [0x00000000ea600000,0x00000000ea600000,0x00000000ef680000)
 ParOldGen       total 721408K, used 690206K [0x0000000084a00000, 0x00000000b0a80000, 0x00000000d6e00000)
  object space 721408K, 95% used [0x0000000084a00000,0x00000000aec079e0,0x00000000b0a80000)
 Metaspace       used 8435K, capacity 8489K, committed 8576K, reserved 1056768K
  class space    used 800K, capacity 817K, committed 896K, reserved 1048576K
Event: 2098.873 GC heap after
Heap after GC invocations=911 (full 19):
 PSYoungGen      total 302080K, used 78384K [0x00000000d6e00000, 0x00000000ef300000, 0x0000000100000000)
  eden space 223232K, 0% used [0x00000000d6e00000,0x00000000d6e00000,0x00000000e4800000)
  from space 78848K, 99% used [0x00000000ea600000,0x00000000ef28c080,0x00000000ef300000)
  to   space 86528K, 0% used [0x00000000e4a00000,0x00000000e4a00000,0x00000000e9e80000)
 ParOldGen       total 721408K, used 693638K [0x0000000084a00000, 0x00000000b0a80000, 0x00000000d6e00000)
  object space 721408K, 96% used [0x0000000084a00000,0x00000000aef619e0,0x00000000b0a80000)
 Metaspace       used 8435K, capacity 8489K, committed 8576K, reserved 1056768K
  class space    used 800K, capacity 817K, committed 896K, reserved 1048576K
}
Event: 2114.205 GC heap before
{Heap before GC invocations=912 (full 19):
 PSYoungGen      total 302080K, used 301616K [0x00000000d6e00000, 0x00000000ef300000, 0x0000000100000000)
  eden space 223232K, 100% used [0x00000000d6e00000,0x00000000e4800000,0x00000000e4800000)
  from space 78848K, 99% used [0x00000000ea600000,0x00000000ef28c080,0x00000000ef300000)
  to   space 86528K, 0% used [0x00000000e4a00000,0x00000000e4a00000,0x00000000e9e80000)
 ParOldGen       total 721408K, used 693638K [0x0000000084a00000, 0x00000000b0a80000, 0x00000000d6e00000)
  object space 721408K, 96% used [0x0000000084a00000,0x00000000aef619e0,0x00000000b0a80000)
 Metaspace       used 8435K, capacity 8489K, committed 8576K, reserved 1056768K
  class space    used 800K, capacity 817K, committed 896K, reserved 1048576K
Event: 2114.287 GC heap after
Heap after GC invocations=912 (full 19):
 PSYoungGen      total 311808K, used 80254K [0x00000000d6e00000, 0x00000000f0580000, 0x0000000100000000)
  eden space 225280K, 0% used [0x00000000d6e00000,0x00000000d6e00000,0x00000000e4a00000)
  from space 86528K, 92% used [0x00000000e4a00000,0x00000000e985f910,0x00000000e9e80000)
  to   space 88576K, 0% used [0x00000000eaf00000,0x00000000eaf00000,0x00000000f0580000)
 ParOldGen       total 721408K, used 697574K [0x0000000084a00000, 0x00000000b0a80000, 0x00000000d6e00000)
  object space 721408K, 96% used [0x0000000084a00000,0x00000000af3399e0,0x00000000b0a80000)
 Metaspace       used 8435K, capacity 8489K, committed 8576K, reserved 1056768K
  class space    used 800K, capacity 817K, committed 896K, reserved 1048576K
}
Event: 2129.818 GC heap before
{Heap before GC invocations=913 (full 19):
 PSYoungGen      total 311808K, used 305534K [0x00000000d6e00000, 0x00000000f0580000, 0x0000000100000000)
  eden space 225280K, 100% used [0x00000000d6e00000,0x00000000e4a00000,0x00000000e4a00000)
  from space 86528K, 92% used [0x00000000e4a00000,0x00000000e985f910,0x00000000e9e80000)
  to   space 88576K, 0% used [0x00000000eaf00000,0x00000000eaf00000,0x00000000f0580000)
 ParOldGen       total 721408K, used 697574K [0x0000000084a00000, 0x00000000b0a80000, 0x00000000d6e00000)
  object space 721408K, 96% used [0x0000000084a00000,0x00000000af3399e0,0x00000000b0a80000)
 Metaspace       used 8435K, capacity 8489K, committed 8576K, reserved 1056768K
  class space    used 800K, capacity 817K, committed 896K, reserved 1048576K
Event: 2129.902 GC heap after
Heap after GC invocations=913 (full 19):
 PSYoungGen      total 326656K, used 81648K [0x00000000d6e00000, 0x00000000f0c80000, 0x0000000100000000)
  eden space 238080K, 0% used [0x00000000d6e00000,0x00000000d6e00000,0x00000000e5680000)
  from space 88576K, 92% used [0x00000000eaf00000,0x00000000efebc080,0x00000000f0580000)
  to   space 90624K, 0% used [0x00000000e5680000,0x00000000e5680000,0x00000000eaf00000)
 ParOldGen       total 721408K, used 701950K [0x0000000084a00000, 0x00000000b0a80000, 0x00000000d6e00000)
  object space 721408K, 97% used [0x0000000084a00000,0x00000000af77f9e0,0x00000000b0a80000)
 Metaspace       used 8435K, capacity 8489K, committed 8576K, reserved 1056768K
  class space    used 800K, capacity 817K, committed 896K, reserved 1048576K
}

