# JRE version: Java(TM) SE Runtime Environment (8.0_141-b15) (build 1.8.0_141-b15)
# Java VM: Java HotSpot(TM) 64-Bit Server VM (25.141-b15 mixed mode windows-amd64 compressed oops)
Heap:
 PSYoungGen      total 326656K, used 100276K [0x00000000d6e00000, 0x00000000f1b80000, 0x0000000100000000)
  eden space 237568K, 10% used [0x00000000d6e00000,0x00000000d8549810,0x00000000e5600000)
  from space 89088K, 85% used [0x00000000e5600000,0x00000000ea0a3890,0x00000000ead00000)
  to   space 89600K, 0% used [0x00000000ec400000,0x00000000ec400000,0x00000000f1b80000)
 ParOldGen       total 704512K, used 665787K [0x0000000084a00000, 0x00000000afa00000, 0x00000000d6e00000)
  object space 704512K, 94% used [0x0000000084a00000,0x00000000ad42ed60,0x00000000afa00000)
 Metaspace       used 8458K, capacity 8553K, committed 8832K, reserved 1056768K
  class space    used 799K, capacity 817K, committed 896K, reserved 1048576K
GC Heap History (10 events):
Event: 2204.329 GC heap before
{Heap before GC invocations=853 (full 17):
 PSYoungGen      total 285696K, used 273102K [0x00000000d6e00000, 0x00000000eee00000, 0x0000000100000000)
  eden space 198144K, 100% used [0x00000000d6e00000,0x00000000e2f80000,0x00000000e2f80000)
  from space 87552K, 85% used [0x00000000e2f80000,0x00000000e78b3890,0x00000000e8500000)
  to   space 88064K, 0% used [0x00000000e9800000,0x00000000e9800000,0x00000000eee00000)
 ParOldGen       total 651264K, used 645312K [0x0000000084a00000, 0x00000000ac600000, 0x00000000d6e00000)
  object space 651264K, 99% used [0x0000000084a00000,0x00000000ac030378,0x00000000ac600000)
 Metaspace       used 8458K, capacity 8553K, committed 8832K, reserved 1056768K
  class space    used 799K, capacity 817K, committed 896K, reserved 1048576K
Event: 2204.386 GC heap after
Heap after GC invocations=853 (full 17):
 PSYoungGen      total 304128K, used 75420K [0x00000000d6e00000, 0x00000000eef80000, 0x0000000100000000)
  eden space 216064K, 0% used [0x00000000d6e00000,0x00000000d6e00000,0x00000000e4100000)
  from space 88064K, 85% used [0x00000000e9800000,0x00000000ee1a7120,0x00000000eee00000)
  to   space 89088K, 0% used [0x00000000e4100000,0x00000000e4100000,0x00000000e9800000)
 ParOldGen       total 651264K, used 650096K [0x0000000084a00000, 0x00000000ac600000, 0x00000000d6e00000)
  object space 651264K, 99% used [0x0000000084a00000,0x00000000ac4dc378,0x00000000ac600000)
 Metaspace       used 8458K, capacity 8553K, committed 8832K, reserved 1056768K
  class space    used 799K, capacity 817K, committed 896K, reserved 1048576K
}
Event: 2204.386 GC heap before
{Heap before GC invocations=854 (full 18):
 PSYoungGen      total 304128K, used 75420K [0x00000000d6e00000, 0x00000000eef80000, 0x0000000100000000)
  eden space 216064K, 0% used [0x00000000d6e00000,0x00000000d6e00000,0x00000000e4100000)
  from space 88064K, 85% used [0x00000000e9800000,0x00000000ee1a7120,0x00000000eee00000)
  to   space 89088K, 0% used [0x00000000e4100000,0x00000000e4100000,0x00000000e9800000)
 ParOldGen       total 651264K, used 650096K [0x0000000084a00000, 0x00000000ac600000, 0x00000000d6e00000)
  object space 651264K, 99% used [0x0000000084a00000,0x00000000ac4dc378,0x00000000ac600000)
 Metaspace       used 8458K, capacity 8553K, committed 8832K, reserved 1056768K
  class space    used 799K, capacity 817K, committed 896K, reserved 1048576K
Event: 2205.165 GC heap after
Heap after GC invocations=854 (full 18):
 PSYoungGen      total 304128K, used 72731K [0x00000000d6e00000, 0x00000000eef80000, 0x0000000100000000)
  eden space 216064K, 0% used [0x00000000d6e00000,0x00000000d6e00000,0x00000000e4100000)
  from space 88064K, 82% used [0x00000000e9800000,0x00000000edf06f40,0x00000000eee00000)
  to   space 89088K, 0% used [0x00000000e4100000,0x00000000e4100000,0x00000000e9800000)
 ParOldGen       total 704512K, used 651115K [0x0000000084a00000, 0x00000000afa00000, 0x00000000d6e00000)
  object space 704512K, 92% used [0x0000000084a00000,0x00000000ac5dad60,0x00000000afa00000)
 Metaspace       used 8458K, capacity 8553K, committed 8832K, reserved 1056768K
  class space    used 799K, capacity 817K, committed 896K, reserved 1048576K
}
Event: 2219.910 GC heap before
{Heap before GC invocations=855 (full 18):
 PSYoungGen      total 304128K, used 288795K [0x00000000d6e00000, 0x00000000eef80000, 0x0000000100000000)
  eden space 216064K, 100% used [0x00000000d6e00000,0x00000000e4100000,0x00000000e4100000)
  from space 88064K, 82% used [0x00000000e9800000,0x00000000edf06f40,0x00000000eee00000)
  to   space 89088K, 0% used [0x00000000e4100000,0x00000000e4100000,0x00000000e9800000)
 ParOldGen       total 704512K, used 651115K [0x0000000084a00000, 0x00000000afa00000, 0x00000000d6e00000)
  object space 704512K, 92% used [0x0000000084a00000,0x00000000ac5dad60,0x00000000afa00000)
 Metaspace       used 8458K, capacity 8553K, committed 8832K, reserved 1056768K
  class space    used 799K, capacity 817K, committed 896K, reserved 1048576K
Event: 2220.050 GC heap after
Heap after GC invocations=855 (full 18):
 PSYoungGen      total 305152K, used 74574K [0x00000000d6e00000, 0x00000000f0500000, 0x0000000100000000)
  eden space 216064K, 0% used [0x00000000d6e00000,0x00000000d6e00000,0x00000000e4100000)
  from space 89088K, 83% used [0x00000000e4100000,0x00000000e89d3890,0x00000000e9800000)
  to   space 89088K, 0% used [0x00000000eae00000,0x00000000eae00000,0x00000000f0500000)
 ParOldGen       total 704512K, used 655851K [0x0000000084a00000, 0x00000000afa00000, 0x00000000d6e00000)
  object space 704512K, 93% used [0x0000000084a00000,0x00000000aca7ad60,0x00000000afa00000)
 Metaspace       used 8458K, capacity 8553K, committed 8832K, reserved 1056768K
  class space    used 799K, capacity 817K, committed 896K, reserved 1048576K
}
Event: 2234.862 GC heap before
{Heap before GC invocations=856 (full 18):
 PSYoungGen      total 305152K, used 290638K [0x00000000d6e00000, 0x00000000f0500000, 0x0000000100000000)
  eden space 216064K, 100% used [0x00000000d6e00000,0x00000000e4100000,0x00000000e4100000)
  from space 89088K, 83% used [0x00000000e4100000,0x00000000e89d3890,0x00000000e9800000)
  to   space 89088K, 0% used [0x00000000eae00000,0x00000000eae00000,0x00000000f0500000)
 ParOldGen       total 704512K, used 655851K [0x0000000084a00000, 0x00000000afa00000, 0x00000000d6e00000)
  object space 704512K, 93% used [0x0000000084a00000,0x00000000aca7ad60,0x00000000afa00000)
 Metaspace       used 8458K, capacity 8553K, committed 8832K, reserved 1056768K
  class space    used 799K, capacity 817K, committed 896K, reserved 1048576K
Event: 2234.916 GC heap after
Heap after GC invocations=856 (full 18):
 PSYoungGen      total 325632K, used 74926K [0x00000000d6e00000, 0x00000000f0400000, 0x0000000100000000)
  eden space 237568K, 0% used [0x00000000d6e00000,0x00000000d6e00000,0x00000000e5600000)
  from space 88064K, 85% used [0x00000000eae00000,0x00000000ef72b890,0x00000000f0400000)
  to   space 89088K, 0% used [0x00000000e5600000,0x00000000e5600000,0x00000000ead00000)
 ParOldGen       total 704512K, used 661035K [0x0000000084a00000, 0x00000000afa00000, 0x00000000d6e00000)
  object space 704512K, 93% used [0x0000000084a00000,0x00000000acf8ad60,0x00000000afa00000)
 Metaspace       used 8458K, capacity 8553K, committed 8832K, reserved 1056768K
  class space    used 799K, capacity 817K, committed 896K, reserved 1048576K
}
Event: 2251.364 GC heap before
{Heap before GC invocations=857 (full 18):
 PSYoungGen      total 325632K, used 312494K [0x00000000d6e00000, 0x00000000f0400000, 0x0000000100000000)
  eden space 237568K, 100% used [0x00000000d6e00000,0x00000000e5600000,0x00000000e5600000)
  from space 88064K, 85% used [0x00000000eae00000,0x00000000ef72b890,0x00000000f0400000)
  to   space 89088K, 0% used [0x00000000e5600000,0x00000000e5600000,0x00000000ead00000)
 ParOldGen       total 704512K, used 661035K [0x0000000084a00000, 0x00000000afa00000, 0x00000000d6e00000)
  object space 704512K, 93% used [0x0000000084a00000,0x00000000acf8ad60,0x00000000afa00000)
 Metaspace       used 8458K, capacity 8553K, committed 8832K, reserved 1056768K
  class space    used 799K, capacity 817K, committed 896K, reserved 1048576K
Event: 2251.428 GC heap after
Heap after GC invocations=857 (full 18):
 PSYoungGen      total 326656K, used 76430K [0x00000000d6e00000, 0x00000000f1b80000, 0x0000000100000000)
  eden space 237568K, 0% used [0x00000000d6e00000,0x00000000d6e00000,0x00000000e5600000)
  from space 89088K, 85% used [0x00000000e5600000,0x00000000ea0a3890,0x00000000ead00000)
  to   space 89600K, 0% used [0x00000000ec400000,0x00000000ec400000,0x00000000f1b80000)
 ParOldGen       total 704512K, used 665787K [0x0000000084a00000, 0x00000000afa00000, 0x00000000d6e00000)
  object space 704512K, 94% used [0x0000000084a00000,0x00000000ad42ed60,0x00000000afa00000)
 Metaspace       used 8458K, capacity 8553K, committed 8832K, reserved 1056768K
  class space    used 799K, capacity 817K, committed 896K, reserved 1048576K
}

