# JRE version: Java(TM) SE Runtime Environment (8.0_141-b15) (build 1.8.0_141-b15)
# Java VM: Java HotSpot(TM) 64-Bit Server VM (25.141-b15 mixed mode windows-amd64 compressed oops)
Heap:
 PSYoungGen      total 300032K, used 86800K [0x00000000d6e00000, 0x00000000ef800000, 0x0000000100000000)
  eden space 209920K, 8% used [0x00000000d6e00000,0x00000000d7e74340,0x00000000e3b00000)
  from space 90112K, 77% used [0x00000000e3b00000,0x00000000e7f50000,0x00000000e9300000)
  to   space 91136K, 0% used [0x00000000e9f00000,0x00000000e9f00000,0x00000000ef800000)
 ParOldGen       total 725504K, used 658741K [0x0000000084a00000, 0x00000000b0e80000, 0x00000000d6e00000)
  object space 725504K, 90% used [0x0000000084a00000,0x00000000acd4d408,0x00000000b0e80000)
 Metaspace       used 8417K, capacity 8489K, committed 8576K, reserved 1056768K
  class space    used 798K, capacity 817K, committed 896K, reserved 1048576K
GC Heap History (10 events):
Event: 1948.472 GC heap before
{Heap before GC invocations=1126 (full 16):
 PSYoungGen      total 274432K, used 259327K [0x00000000d6e00000, 0x00000000ed800000, 0x0000000100000000)
  eden space 193024K, 100% used [0x00000000d6e00000,0x00000000e2a80000,0x00000000e2a80000)
  from space 81408K, 81% used [0x00000000e2a80000,0x00000000e6b3ff70,0x00000000e7a00000)
  to   space 83456K, 0% used [0x00000000e8680000,0x00000000e8680000,0x00000000ed800000)
 ParOldGen       total 655360K, used 643254K [0x0000000084a00000, 0x00000000aca00000, 0x00000000d6e00000)
  object space 655360K, 98% used [0x0000000084a00000,0x00000000abe2da38,0x00000000aca00000)
 Metaspace       used 8417K, capacity 8489K, committed 8576K, reserved 1056768K
  class space    used 798K, capacity 817K, committed 896K, reserved 1048576K
Event: 1948.511 GC heap after
Heap after GC invocations=1126 (full 16):
 PSYoungGen      total 284672K, used 67519K [0x00000000d6e00000, 0x00000000edc80000, 0x0000000100000000)
  eden space 201216K, 0% used [0x00000000d6e00000,0x00000000d6e00000,0x00000000e3280000)
  from space 83456K, 80% used [0x00000000e8680000,0x00000000ec86ff70,0x00000000ed800000)
  to   space 86016K, 0% used [0x00000000e3280000,0x00000000e3280000,0x00000000e8680000)
 ParOldGen       total 655360K, used 646974K [0x0000000084a00000, 0x00000000aca00000, 0x00000000d6e00000)
  object space 655360K, 98% used [0x0000000084a00000,0x00000000ac1cfa38,0x00000000aca00000)
 Metaspace       used 8417K, capacity 8489K, committed 8576K, reserved 1056768K
  class space    used 798K, capacity 817K, committed 896K, reserved 1048576K
}
Event: 1962.621 GC heap before
{Heap before GC invocations=1127 (full 16):
 PSYoungGen      total 284672K, used 268735K [0x00000000d6e00000, 0x00000000edc80000, 0x0000000100000000)
  eden space 201216K, 100% used [0x00000000d6e00000,0x00000000e3280000,0x00000000e3280000)
  from space 83456K, 80% used [0x00000000e8680000,0x00000000ec86ff70,0x00000000ed800000)
  to   space 86016K, 0% used [0x00000000e3280000,0x00000000e3280000,0x00000000e8680000)
 ParOldGen       total 655360K, used 646974K [0x0000000084a00000, 0x00000000aca00000, 0x00000000d6e00000)
  object space 655360K, 98% used [0x0000000084a00000,0x00000000ac1cfa38,0x00000000aca00000)
 Metaspace       used 8417K, capacity 8489K, committed 8576K, reserved 1056768K
  class space    used 798K, capacity 817K, committed 896K, reserved 1048576K
Event: 1962.663 GC heap after
Heap after GC invocations=1127 (full 16):
 PSYoungGen      total 287232K, used 68977K [0x00000000d6e00000, 0x00000000ee900000, 0x0000000100000000)
  eden space 201216K, 0% used [0x00000000d6e00000,0x00000000d6e00000,0x00000000e3280000)
  from space 86016K, 80% used [0x00000000e3280000,0x00000000e75dc6e0,0x00000000e8680000)
  to   space 88064K, 0% used [0x00000000e9300000,0x00000000e9300000,0x00000000ee900000)
 ParOldGen       total 655360K, used 650678K [0x0000000084a00000, 0x00000000aca00000, 0x00000000d6e00000)
  object space 655360K, 99% used [0x0000000084a00000,0x00000000ac56da38,0x00000000aca00000)
 Metaspace       used 8417K, capacity 8489K, committed 8576K, reserved 1056768K
  class space    used 798K, capacity 817K, committed 896K, reserved 1048576K
}
Event: 1976.638 GC heap before
{Heap before GC invocations=1128 (full 16):
 PSYoungGen      total 287232K, used 270193K [0x00000000d6e00000, 0x00000000ee900000, 0x0000000100000000)
  eden space 201216K, 100% used [0x00000000d6e00000,0x00000000e3280000,0x00000000e3280000)
  from space 86016K, 80% used [0x00000000e3280000,0x00000000e75dc6e0,0x00000000e8680000)
  to   space 88064K, 0% used [0x00000000e9300000,0x00000000e9300000,0x00000000ee900000)
 ParOldGen       total 655360K, used 650678K [0x0000000084a00000, 0x00000000aca00000, 0x00000000d6e00000)
  object space 655360K, 99% used [0x0000000084a00000,0x00000000ac56da38,0x00000000aca00000)
 Metaspace       used 8417K, capacity 8489K, committed 8576K, reserved 1056768K
  class space    used 798K, capacity 817K, committed 896K, reserved 1048576K
Event: 1976.681 GC heap after
Heap after GC invocations=1128 (full 16):
 PSYoungGen      total 297984K, used 70495K [0x00000000d6e00000, 0x00000000eed00000, 0x0000000100000000)
  eden space 209920K, 0% used [0x00000000d6e00000,0x00000000d6e00000,0x00000000e3b00000)
  from space 88064K, 80% used [0x00000000e9300000,0x00000000ed7d7f70,0x00000000ee900000)
  to   space 90112K, 0% used [0x00000000e3b00000,0x00000000e3b00000,0x00000000e9300000)
 ParOldGen       total 655360K, used 654622K [0x0000000084a00000, 0x00000000aca00000, 0x00000000d6e00000)
  object space 655360K, 99% used [0x0000000084a00000,0x00000000ac947a38,0x00000000aca00000)
 Metaspace       used 8417K, capacity 8489K, committed 8576K, reserved 1056768K
  class space    used 798K, capacity 817K, committed 896K, reserved 1048576K
}
Event: 1976.681 GC heap before
{Heap before GC invocations=1129 (full 17):
 PSYoungGen      total 297984K, used 70495K [0x00000000d6e00000, 0x00000000eed00000, 0x0000000100000000)
  eden space 209920K, 0% used [0x00000000d6e00000,0x00000000d6e00000,0x00000000e3b00000)
  from space 88064K, 80% used [0x00000000e9300000,0x00000000ed7d7f70,0x00000000ee900000)
  to   space 90112K, 0% used [0x00000000e3b00000,0x00000000e3b00000,0x00000000e9300000)
 ParOldGen       total 655360K, used 654622K [0x0000000084a00000, 0x00000000aca00000, 0x00000000d6e00000)
  object space 655360K, 99% used [0x0000000084a00000,0x00000000ac947a38,0x00000000aca00000)
 Metaspace       used 8417K, capacity 8489K, committed 8576K, reserved 1056768K
  class space    used 798K, capacity 817K, committed 896K, reserved 1048576K
Event: 1980.674 GC heap after
Heap after GC invocations=1129 (full 17):
 PSYoungGen      total 297984K, used 67576K [0x00000000d6e00000, 0x00000000eed00000, 0x0000000100000000)
  eden space 209920K, 0% used [0x00000000d6e00000,0x00000000d6e00000,0x00000000e3b00000)
  from space 88064K, 76% used [0x00000000e9300000,0x00000000ed4fe2c8,0x00000000ee900000)
  to   space 90112K, 0% used [0x00000000e3b00000,0x00000000e3b00000,0x00000000e9300000)
 ParOldGen       total 725504K, used 654933K [0x0000000084a00000, 0x00000000b0e80000, 0x00000000d6e00000)
  object space 725504K, 90% used [0x0000000084a00000,0x00000000ac995408,0x00000000b0e80000)
 Metaspace       used 8417K, capacity 8489K, committed 8576K, reserved 1056768K
  class space    used 798K, capacity 817K, committed 896K, reserved 1048576K
}
Event: 1995.240 GC heap before
{Heap before GC invocations=1130 (full 17):
 PSYoungGen      total 297984K, used 277496K [0x00000000d6e00000, 0x00000000eed00000, 0x0000000100000000)
  eden space 209920K, 100% used [0x00000000d6e00000,0x00000000e3b00000,0x00000000e3b00000)
  from space 88064K, 76% used [0x00000000e9300000,0x00000000ed4fe2c8,0x00000000ee900000)
  to   space 90112K, 0% used [0x00000000e3b00000,0x00000000e3b00000,0x00000000e9300000)
 ParOldGen       total 725504K, used 654933K [0x0000000084a00000, 0x00000000b0e80000, 0x00000000d6e00000)
  object space 725504K, 90% used [0x0000000084a00000,0x00000000ac995408,0x00000000b0e80000)
 Metaspace       used 8417K, capacity 8489K, committed 8576K, reserved 1056768K
  class space    used 798K, capacity 817K, committed 896K, reserved 1048576K
Event: 1995.360 GC heap after
Heap after GC invocations=1130 (full 17):
 PSYoungGen      total 300032K, used 69952K [0x00000000d6e00000, 0x00000000ef800000, 0x0000000100000000)
  eden space 209920K, 0% used [0x00000000d6e00000,0x00000000d6e00000,0x00000000e3b00000)
  from space 90112K, 77% used [0x00000000e3b00000,0x00000000e7f50000,0x00000000e9300000)
  to   space 91136K, 0% used [0x00000000e9f00000,0x00000000e9f00000,0x00000000ef800000)
 ParOldGen       total 725504K, used 658741K [0x0000000084a00000, 0x00000000b0e80000, 0x00000000d6e00000)
  object space 725504K, 90% used [0x0000000084a00000,0x00000000acd4d408,0x00000000b0e80000)
 Metaspace       used 8417K, capacity 8489K, committed 8576K, reserved 1056768K
  class space    used 798K, capacity 817K, committed 896K, reserved 1048576K
}

