# JRE version: Java(TM) SE Runtime Environment (8.0_141-b15) (build 1.8.0_141-b15)
# Java VM: Java HotSpot(TM) 64-Bit Server VM (25.141-b15 mixed mode windows-amd64 compressed oops)
Heap:
 PSYoungGen      total 296960K, used 255321K [0x00000000d6e00000, 0x00000000f0680000, 0x0000000100000000)
  eden space 189440K, 95% used [0x00000000d6e00000,0x00000000e1f1ada0,0x00000000e2700000)
  from space 107520K, 68% used [0x00000000e2700000,0x00000000e6f3b890,0x00000000e9000000)
  to   space 104448K, 0% used [0x00000000ea080000,0x00000000ea080000,0x00000000f0680000)
 ParOldGen       total 717824K, used 681417K [0x0000000084a00000, 0x00000000b0700000, 0x00000000d6e00000)
  object space 717824K, 94% used [0x0000000084a00000,0x00000000ae372558,0x00000000b0700000)
 Metaspace       used 8464K, capacity 8553K, committed 8832K, reserved 1056768K
  class space    used 798K, capacity 817K, committed 896K, reserved 1048576K
GC Heap History (10 events):
Event: 2042.862 GC heap before
{Heap before GC invocations=956 (full 18):
 PSYoungGen      total 285696K, used 285472K [0x00000000d6e00000, 0x00000000f0d80000, 0x0000000100000000)
  eden space 203264K, 100% used [0x00000000d6e00000,0x00000000e3480000,0x00000000e3480000)
  from space 82432K, 99% used [0x00000000e3d00000,0x00000000e8d48000,0x00000000e8d80000)
  to   space 111104K, 0% used [0x00000000ea100000,0x00000000ea100000,0x00000000f0d80000)
 ParOldGen       total 667648K, used 653642K [0x0000000084a00000, 0x00000000ad600000, 0x00000000d6e00000)
  object space 667648K, 97% used [0x0000000084a00000,0x00000000ac852958,0x00000000ad600000)
 Metaspace       used 8464K, capacity 8553K, committed 8832K, reserved 1056768K
  class space    used 798K, capacity 817K, committed 896K, reserved 1048576K
Event: 2042.910 GC heap after
Heap after GC invocations=956 (full 18):
 PSYoungGen      total 296960K, used 81920K [0x00000000d6e00000, 0x00000000f0480000, 0x0000000100000000)
  eden space 195072K, 0% used [0x00000000d6e00000,0x00000000d6e00000,0x00000000e2c80000)
  from space 101888K, 80% used [0x00000000ea100000,0x00000000ef100000,0x00000000f0480000)
  to   space 110592K, 0% used [0x00000000e2c80000,0x00000000e2c80000,0x00000000e9880000)
 ParOldGen       total 667648K, used 659178K [0x0000000084a00000, 0x00000000ad600000, 0x00000000d6e00000)
  object space 667648K, 98% used [0x0000000084a00000,0x00000000acdba958,0x00000000ad600000)
 Metaspace       used 8464K, capacity 8553K, committed 8832K, reserved 1056768K
  class space    used 798K, capacity 817K, committed 896K, reserved 1048576K
}
Event: 2056.367 GC heap before
{Heap before GC invocations=957 (full 18):
 PSYoungGen      total 296960K, used 276992K [0x00000000d6e00000, 0x00000000f0480000, 0x0000000100000000)
  eden space 195072K, 100% used [0x00000000d6e00000,0x00000000e2c80000,0x00000000e2c80000)
  from space 101888K, 80% used [0x00000000ea100000,0x00000000ef100000,0x00000000f0480000)
  to   space 110592K, 0% used [0x00000000e2c80000,0x00000000e2c80000,0x00000000e9880000)
 ParOldGen       total 667648K, used 659178K [0x0000000084a00000, 0x00000000ad600000, 0x00000000d6e00000)
  object space 667648K, 98% used [0x0000000084a00000,0x00000000acdba958,0x00000000ad600000)
 Metaspace       used 8464K, capacity 8553K, committed 8832K, reserved 1056768K
  class space    used 798K, capacity 817K, committed 896K, reserved 1048576K
Event: 2056.441 GC heap after
Heap after GC invocations=957 (full 18):
 PSYoungGen      total 269312K, used 81806K [0x00000000d6e00000, 0x00000000efb00000, 0x0000000100000000)
  eden space 187392K, 0% used [0x00000000d6e00000,0x00000000d6e00000,0x00000000e2500000)
  from space 81920K, 99% used [0x00000000e2c80000,0x00000000e7c63890,0x00000000e7c80000)
  to   space 109568K, 0% used [0x00000000e9000000,0x00000000e9000000,0x00000000efb00000)
 ParOldGen       total 667648K, used 664546K [0x0000000084a00000, 0x00000000ad600000, 0x00000000d6e00000)
  object space 667648K, 99% used [0x0000000084a00000,0x00000000ad2f8958,0x00000000ad600000)
 Metaspace       used 8464K, capacity 8553K, committed 8832K, reserved 1056768K
  class space    used 798K, capacity 817K, committed 896K, reserved 1048576K
}
Event: 2056.441 GC heap before
{Heap before GC invocations=958 (full 19):
 PSYoungGen      total 269312K, used 81806K [0x00000000d6e00000, 0x00000000efb00000, 0x0000000100000000)
  eden space 187392K, 0% used [0x00000000d6e00000,0x00000000d6e00000,0x00000000e2500000)
  from space 81920K, 99% used [0x00000000e2c80000,0x00000000e7c63890,0x00000000e7c80000)
  to   space 109568K, 0% used [0x00000000e9000000,0x00000000e9000000,0x00000000efb00000)
 ParOldGen       total 667648K, used 664546K [0x0000000084a00000, 0x00000000ad600000, 0x00000000d6e00000)
  object space 667648K, 99% used [0x0000000084a00000,0x00000000ad2f8958,0x00000000ad600000)
 Metaspace       used 8464K, capacity 8553K, committed 8832K, reserved 1056768K
  class space    used 798K, capacity 817K, committed 896K, reserved 1048576K
Event: 2057.275 GC heap after
Heap after GC invocations=958 (full 19):
 PSYoungGen      total 269312K, used 77126K [0x00000000d6e00000, 0x00000000efb00000, 0x0000000100000000)
  eden space 187392K, 0% used [0x00000000d6e00000,0x00000000d6e00000,0x00000000e2500000)
  from space 81920K, 94% used [0x00000000e2c80000,0x00000000e77d1978,0x00000000e7c80000)
  to   space 109568K, 0% used [0x00000000e9000000,0x00000000e9000000,0x00000000efb00000)
 ParOldGen       total 717824K, used 667457K [0x0000000084a00000, 0x00000000b0700000, 0x00000000d6e00000)
  object space 717824K, 92% used [0x0000000084a00000,0x00000000ad5d0558,0x00000000b0700000)
 Metaspace       used 8464K, capacity 8553K, committed 8832K, reserved 1056768K
  class space    used 798K, capacity 817K, committed 896K, reserved 1048576K
}
Event: 2070.218 GC heap before
{Heap before GC invocations=959 (full 19):
 PSYoungGen      total 269312K, used 264518K [0x00000000d6e00000, 0x00000000efb00000, 0x0000000100000000)
  eden space 187392K, 100% used [0x00000000d6e00000,0x00000000e2500000,0x00000000e2500000)
  from space 81920K, 94% used [0x00000000e2c80000,0x00000000e77d1978,0x00000000e7c80000)
  to   space 109568K, 0% used [0x00000000e9000000,0x00000000e9000000,0x00000000efb00000)
 ParOldGen       total 717824K, used 667457K [0x0000000084a00000, 0x00000000b0700000, 0x00000000d6e00000)
  object space 717824K, 92% used [0x0000000084a00000,0x00000000ad5d0558,0x00000000b0700000)
 Metaspace       used 8464K, capacity 8553K, committed 8832K, reserved 1056768K
  class space    used 798K, capacity 817K, committed 896K, reserved 1048576K
Event: 2070.357 GC heap after
Heap after GC invocations=959 (full 19):
 PSYoungGen      total 299008K, used 78286K [0x00000000d6e00000, 0x00000000f0a80000, 0x0000000100000000)
  eden space 189440K, 0% used [0x00000000d6e00000,0x00000000d6e00000,0x00000000e2700000)
  from space 109568K, 71% used [0x00000000e9000000,0x00000000edc73890,0x00000000efb00000)
  to   space 107520K, 0% used [0x00000000e2700000,0x00000000e2700000,0x00000000e9000000)
 ParOldGen       total 717824K, used 672097K [0x0000000084a00000, 0x00000000b0700000, 0x00000000d6e00000)
  object space 717824K, 93% used [0x0000000084a00000,0x00000000ada58558,0x00000000b0700000)
 Metaspace       used 8464K, capacity 8553K, committed 8832K, reserved 1056768K
  class space    used 798K, capacity 817K, committed 896K, reserved 1048576K
}
Event: 2083.467 GC heap before
{Heap before GC invocations=960 (full 19):
 PSYoungGen      total 299008K, used 267726K [0x00000000d6e00000, 0x00000000f0a80000, 0x0000000100000000)
  eden space 189440K, 100% used [0x00000000d6e00000,0x00000000e2700000,0x00000000e2700000)
  from space 109568K, 71% used [0x00000000e9000000,0x00000000edc73890,0x00000000efb00000)
  to   space 107520K, 0% used [0x00000000e2700000,0x00000000e2700000,0x00000000e9000000)
 ParOldGen       total 717824K, used 672097K [0x0000000084a00000, 0x00000000b0700000, 0x00000000d6e00000)
  object space 717824K, 93% used [0x0000000084a00000,0x00000000ada58558,0x00000000b0700000)
 Metaspace       used 8464K, capacity 8553K, committed 8832K, reserved 1056768K
  class space    used 798K, capacity 817K, committed 896K, reserved 1048576K
Event: 2083.534 GC heap after
Heap after GC invocations=960 (full 19):
 PSYoungGen      total 296960K, used 73966K [0x00000000d6e00000, 0x00000000f0680000, 0x0000000100000000)
  eden space 189440K, 0% used [0x00000000d6e00000,0x00000000d6e00000,0x00000000e2700000)
  from space 107520K, 68% used [0x00000000e2700000,0x00000000e6f3b890,0x00000000e9000000)
  to   space 104448K, 0% used [0x00000000ea080000,0x00000000ea080000,0x00000000f0680000)
 ParOldGen       total 717824K, used 681417K [0x0000000084a00000, 0x00000000b0700000, 0x00000000d6e00000)
  object space 717824K, 94% used [0x0000000084a00000,0x00000000ae372558,0x00000000b0700000)
 Metaspace       used 8464K, capacity 8553K, committed 8832K, reserved 1056768K
  class space    used 798K, capacity 817K, committed 896K, reserved 1048576K
}

