# JRE version: Java(TM) SE Runtime Environment (8.0_141-b15) (build 1.8.0_141-b15)
# Java VM: Java HotSpot(TM) 64-Bit Server VM (25.141-b15 mixed mode windows-amd64 compressed oops)
Heap:
 PSYoungGen      total 190464K, used 140396K [0x00000000d6e00000, 0x00000000e8100000, 0x0000000100000000)
  eden space 106496K, 69% used [0x00000000d6e00000,0x00000000db697270,0x00000000dd600000)
  from space 83968K, 78% used [0x00000000e2f00000,0x00000000e6f84080,0x00000000e8100000)
  to   space 87552K, 0% used [0x00000000dd600000,0x00000000dd600000,0x00000000e2b80000)
 ParOldGen       total 766464K, used 747030K [0x0000000084a00000, 0x00000000b3680000, 0x00000000d6e00000)
  object space 766464K, 97% used [0x0000000084a00000,0x00000000b2385b08,0x00000000b3680000)
 Metaspace       used 8423K, capacity 8489K, committed 8576K, reserved 1056768K
  class space    used 798K, capacity 817K, committed 896K, reserved 1048576K
GC Heap History (10 events):
Event: 14358.007 GC heap before
{Heap before GC invocations=434 (full 18):
 PSYoungGen      total 193024K, used 153008K [0x00000000d6e00000, 0x00000000e9200000, 0x0000000100000000)
  eden space 92672K, 100% used [0x00000000d6e00000,0x00000000dc880000,0x00000000dc880000)
  from space 100352K, 60% used [0x00000000dc880000,0x00000000e036c080,0x00000000e2a80000)
  to   space 97792K, 0% used [0x00000000e3280000,0x00000000e3280000,0x00000000e9200000)
 ParOldGen       total 766464K, used 715662K [0x0000000084a00000, 0x00000000b3680000, 0x00000000d6e00000)
  object space 766464K, 93% used [0x0000000084a00000,0x00000000b04e3b08,0x00000000b3680000)
 Metaspace       used 8411K, capacity 8489K, committed 8576K, reserved 1056768K
  class space    used 798K, capacity 817K, committed 896K, reserved 1048576K
Event: 14358.084 GC heap after
Heap after GC invocations=434 (full 18):
 PSYoungGen      total 193024K, used 58128K [0x00000000d6e00000, 0x00000000e8a80000, 0x0000000100000000)
  eden space 102912K, 0% used [0x00000000d6e00000,0x00000000d6e00000,0x00000000dd280000)
  from space 90112K, 64% used [0x00000000e3280000,0x00000000e6b44080,0x00000000e8a80000)
  to   space 94208K, 0% used [0x00000000dd280000,0x00000000dd280000,0x00000000e2e80000)
 ParOldGen       total 766464K, used 724422K [0x0000000084a00000, 0x00000000b3680000, 0x00000000d6e00000)
  object space 766464K, 94% used [0x0000000084a00000,0x00000000b0d71b08,0x00000000b3680000)
 Metaspace       used 8411K, capacity 8489K, committed 8576K, reserved 1056768K
  class space    used 798K, capacity 817K, committed 896K, reserved 1048576K
}
Event: 14378.152 GC heap before
{Heap before GC invocations=435 (full 18):
 PSYoungGen      total 193024K, used 161040K [0x00000000d6e00000, 0x00000000e8a80000, 0x0000000100000000)
  eden space 102912K, 100% used [0x00000000d6e00000,0x00000000dd280000,0x00000000dd280000)
  from space 90112K, 64% used [0x00000000e3280000,0x00000000e6b44080,0x00000000e8a80000)
  to   space 94208K, 0% used [0x00000000dd280000,0x00000000dd280000,0x00000000e2e80000)
 ParOldGen       total 766464K, used 724422K [0x0000000084a00000, 0x00000000b3680000, 0x00000000d6e00000)
  object space 766464K, 94% used [0x0000000084a00000,0x00000000b0d71b08,0x00000000b3680000)
 Metaspace       used 8423K, capacity 8489K, committed 8576K, reserved 1056768K
  class space    used 798K, capacity 817K, committed 896K, reserved 1048576K
Event: 14378.232 GC heap after
Heap after GC invocations=435 (full 18):
 PSYoungGen      total 197120K, used 56720K [0x00000000d6e00000, 0x00000000e8e00000, 0x0000000100000000)
  eden space 102912K, 0% used [0x00000000d6e00000,0x00000000d6e00000,0x00000000dd280000)
  from space 94208K, 60% used [0x00000000dd280000,0x00000000e09e4080,0x00000000e2e80000)
  to   space 90624K, 0% used [0x00000000e3580000,0x00000000e3580000,0x00000000e8e00000)
 ParOldGen       total 766464K, used 733230K [0x0000000084a00000, 0x00000000b3680000, 0x00000000d6e00000)
  object space 766464K, 95% used [0x0000000084a00000,0x00000000b160bb08,0x00000000b3680000)
 Metaspace       used 8423K, capacity 8489K, committed 8576K, reserved 1056768K
  class space    used 798K, capacity 817K, committed 896K, reserved 1048576K
}
Event: 14397.718 GC heap before
{Heap before GC invocations=436 (full 18):
 PSYoungGen      total 197120K, used 159632K [0x00000000d6e00000, 0x00000000e8e00000, 0x0000000100000000)
  eden space 102912K, 100% used [0x00000000d6e00000,0x00000000dd280000,0x00000000dd280000)
  from space 94208K, 60% used [0x00000000dd280000,0x00000000e09e4080,0x00000000e2e80000)
  to   space 90624K, 0% used [0x00000000e3580000,0x00000000e3580000,0x00000000e8e00000)
 ParOldGen       total 766464K, used 733230K [0x0000000084a00000, 0x00000000b3680000, 0x00000000d6e00000)
  object space 766464K, 95% used [0x0000000084a00000,0x00000000b160bb08,0x00000000b3680000)
 Metaspace       used 8423K, capacity 8489K, committed 8576K, reserved 1056768K
  class space    used 798K, capacity 817K, committed 896K, reserved 1048576K
Event: 14397.810 GC heap after
Heap after GC invocations=436 (full 18):
 PSYoungGen      total 199168K, used 59632K [0x00000000d6e00000, 0x00000000e8900000, 0x0000000100000000)
  eden space 113664K, 0% used [0x00000000d6e00000,0x00000000d6e00000,0x00000000ddd00000)
  from space 85504K, 69% used [0x00000000e3580000,0x00000000e6fbc080,0x00000000e8900000)
  to   space 88064K, 0% used [0x00000000ddd00000,0x00000000ddd00000,0x00000000e3300000)
 ParOldGen       total 766464K, used 737686K [0x0000000084a00000, 0x00000000b3680000, 0x00000000d6e00000)
  object space 766464K, 96% used [0x0000000084a00000,0x00000000b1a65b08,0x00000000b3680000)
 Metaspace       used 8423K, capacity 8489K, committed 8576K, reserved 1056768K
  class space    used 798K, capacity 817K, committed 896K, reserved 1048576K
}
Event: 14419.202 GC heap before
{Heap before GC invocations=437 (full 18):
 PSYoungGen      total 199168K, used 173296K [0x00000000d6e00000, 0x00000000e8900000, 0x0000000100000000)
  eden space 113664K, 100% used [0x00000000d6e00000,0x00000000ddd00000,0x00000000ddd00000)
  from space 85504K, 69% used [0x00000000e3580000,0x00000000e6fbc080,0x00000000e8900000)
  to   space 88064K, 0% used [0x00000000ddd00000,0x00000000ddd00000,0x00000000e3300000)
 ParOldGen       total 766464K, used 737686K [0x0000000084a00000, 0x00000000b3680000, 0x00000000d6e00000)
  object space 766464K, 96% used [0x0000000084a00000,0x00000000b1a65b08,0x00000000b3680000)
 Metaspace       used 8423K, capacity 8489K, committed 8576K, reserved 1056768K
  class space    used 798K, capacity 817K, committed 896K, reserved 1048576K
Event: 14419.283 GC heap after
Heap after GC invocations=437 (full 18):
 PSYoungGen      total 173056K, used 62960K [0x00000000d6e00000, 0x00000000e8480000, 0x0000000100000000)
  eden space 110080K, 0% used [0x00000000d6e00000,0x00000000d6e00000,0x00000000dd980000)
  from space 62976K, 99% used [0x00000000ddd00000,0x00000000e1a7c080,0x00000000e1a80000)
  to   space 87552K, 0% used [0x00000000e2f00000,0x00000000e2f00000,0x00000000e8480000)
 ParOldGen       total 766464K, used 742382K [0x0000000084a00000, 0x00000000b3680000, 0x00000000d6e00000)
  object space 766464K, 96% used [0x0000000084a00000,0x00000000b1efbb08,0x00000000b3680000)
 Metaspace       used 8423K, capacity 8489K, committed 8576K, reserved 1056768K
  class space    used 798K, capacity 817K, committed 896K, reserved 1048576K
}
Event: 14440.155 GC heap before
{Heap before GC invocations=438 (full 18):
 PSYoungGen      total 173056K, used 173040K [0x00000000d6e00000, 0x00000000e8480000, 0x0000000100000000)
  eden space 110080K, 100% used [0x00000000d6e00000,0x00000000dd980000,0x00000000dd980000)
  from space 62976K, 99% used [0x00000000ddd00000,0x00000000e1a7c080,0x00000000e1a80000)
  to   space 87552K, 0% used [0x00000000e2f00000,0x00000000e2f00000,0x00000000e8480000)
 ParOldGen       total 766464K, used 742382K [0x0000000084a00000, 0x00000000b3680000, 0x00000000d6e00000)
  object space 766464K, 96% used [0x0000000084a00000,0x00000000b1efbb08,0x00000000b3680000)
 Metaspace       used 8423K, capacity 8489K, committed 8576K, reserved 1056768K
  class space    used 798K, capacity 817K, committed 896K, reserved 1048576K
Event: 14440.237 GC heap after
Heap after GC invocations=438 (full 18):
 PSYoungGen      total 190464K, used 66064K [0x00000000d6e00000, 0x00000000e8100000, 0x0000000100000000)
  eden space 106496K, 0% used [0x00000000d6e00000,0x00000000d6e00000,0x00000000dd600000)
  from space 83968K, 78% used [0x00000000e2f00000,0x00000000e6f84080,0x00000000e8100000)
  to   space 87552K, 0% used [0x00000000dd600000,0x00000000dd600000,0x00000000e2b80000)
 ParOldGen       total 766464K, used 747030K [0x0000000084a00000, 0x00000000b3680000, 0x00000000d6e00000)
  object space 766464K, 97% used [0x0000000084a00000,0x00000000b2385b08,0x00000000b3680000)
 Metaspace       used 8423K, capacity 8489K, committed 8576K, reserved 1056768K
  class space    used 798K, capacity 817K, committed 896K, reserved 1048576K
}

