# JRE version: Java(TM) SE Runtime Environment (8.0_141-b15) (build 1.8.0_141-b15)
# Java VM: Java HotSpot(TM) 64-Bit Server VM (25.141-b15 mixed mode windows-amd64 compressed oops)
Heap:
 PSYoungGen      total 282624K, used 169951K [0x00000000d6e00000, 0x00000000f1c00000, 0x0000000100000000)
  eden space 135168K, 38% used [0x00000000d6e00000,0x00000000da13bbc0,0x00000000df200000)
  from space 147456K, 79% used [0x00000000e8580000,0x00000000ef83c080,0x00000000f1580000)
  to   space 151040K, 0% used [0x00000000df200000,0x00000000df200000,0x00000000e8580000)
 ParOldGen       total 662016K, used 648536K [0x0000000084a00000, 0x00000000ad080000, 0x00000000d6e00000)
  object space 662016K, 97% used [0x0000000084a00000,0x00000000ac356168,0x00000000ad080000)
 Metaspace       used 8410K, capacity 8489K, committed 8576K, reserved 1056768K
  class space    used 797K, capacity 817K, committed 896K, reserved 1048576K
GC Heap History (10 events):
Event: 1977.091 GC heap before
{Heap before GC invocations=651 (full 17):
 PSYoungGen      total 248832K, used 217454K [0x00000000d6e00000, 0x00000000ef200000, 0x0000000100000000)
  eden space 114176K, 100% used [0x00000000d6e00000,0x00000000ddd80000,0x00000000ddd80000)
  from space 134656K, 76% used [0x00000000ddd80000,0x00000000e425b890,0x00000000e6100000)
  to   space 136704K, 0% used [0x00000000e6c80000,0x00000000e6c80000,0x00000000ef200000)
 ParOldGen       total 662016K, used 617384K [0x0000000084a00000, 0x00000000ad080000, 0x00000000d6e00000)
  object space 662016K, 93% used [0x0000000084a00000,0x00000000aa4ea168,0x00000000ad080000)
 Metaspace       used 8410K, capacity 8489K, committed 8576K, reserved 1056768K
  class space    used 797K, capacity 817K, committed 896K, reserved 1048576K
Event: 1977.186 GC heap after
Heap after GC invocations=651 (full 17):
 PSYoungGen      total 258048K, used 105774K [0x00000000d6e00000, 0x00000000ef700000, 0x0000000100000000)
  eden space 121344K, 0% used [0x00000000d6e00000,0x00000000d6e00000,0x00000000de480000)
  from space 136704K, 77% used [0x00000000e6c80000,0x00000000ed3cb890,0x00000000ef200000)
  to   space 139264K, 0% used [0x00000000de480000,0x00000000de480000,0x00000000e6c80000)
 ParOldGen       total 662016K, used 622984K [0x0000000084a00000, 0x00000000ad080000, 0x00000000d6e00000)
  object space 662016K, 94% used [0x0000000084a00000,0x00000000aaa62168,0x00000000ad080000)
 Metaspace       used 8410K, capacity 8489K, committed 8576K, reserved 1056768K
  class space    used 797K, capacity 817K, committed 896K, reserved 1048576K
}
Event: 2000.108 GC heap before
{Heap before GC invocations=652 (full 17):
 PSYoungGen      total 258048K, used 227118K [0x00000000d6e00000, 0x00000000ef700000, 0x0000000100000000)
  eden space 121344K, 100% used [0x00000000d6e00000,0x00000000de480000,0x00000000de480000)
  from space 136704K, 77% used [0x00000000e6c80000,0x00000000ed3cb890,0x00000000ef200000)
  to   space 139264K, 0% used [0x00000000de480000,0x00000000de480000,0x00000000e6c80000)
 ParOldGen       total 662016K, used 622984K [0x0000000084a00000, 0x00000000ad080000, 0x00000000d6e00000)
  object space 662016K, 94% used [0x0000000084a00000,0x00000000aaa62168,0x00000000ad080000)
 Metaspace       used 8410K, capacity 8489K, committed 8576K, reserved 1056768K
  class space    used 797K, capacity 817K, committed 896K, reserved 1048576K
Event: 2000.200 GC heap after
Heap after GC invocations=652 (full 17):
 PSYoungGen      total 260608K, used 108878K [0x00000000d6e00000, 0x00000000f0380000, 0x0000000100000000)
  eden space 121344K, 0% used [0x00000000d6e00000,0x00000000d6e00000,0x00000000de480000)
  from space 139264K, 78% used [0x00000000de480000,0x00000000e4ed3890,0x00000000e6c80000)
  to   space 141824K, 0% used [0x00000000e7900000,0x00000000e7900000,0x00000000f0380000)
 ParOldGen       total 662016K, used 628528K [0x0000000084a00000, 0x00000000ad080000, 0x00000000d6e00000)
  object space 662016K, 94% used [0x0000000084a00000,0x00000000aafcc168,0x00000000ad080000)
 Metaspace       used 8410K, capacity 8489K, committed 8576K, reserved 1056768K
  class space    used 797K, capacity 817K, committed 896K, reserved 1048576K
}
Event: 2023.174 GC heap before
{Heap before GC invocations=653 (full 17):
 PSYoungGen      total 260608K, used 230222K [0x00000000d6e00000, 0x00000000f0380000, 0x0000000100000000)
  eden space 121344K, 100% used [0x00000000d6e00000,0x00000000de480000,0x00000000de480000)
  from space 139264K, 78% used [0x00000000de480000,0x00000000e4ed3890,0x00000000e6c80000)
  to   space 141824K, 0% used [0x00000000e7900000,0x00000000e7900000,0x00000000f0380000)
 ParOldGen       total 662016K, used 628528K [0x0000000084a00000, 0x00000000ad080000, 0x00000000d6e00000)
  object space 662016K, 94% used [0x0000000084a00000,0x00000000aafcc168,0x00000000ad080000)
 Metaspace       used 8410K, capacity 8489K, committed 8576K, reserved 1056768K
  class space    used 797K, capacity 817K, committed 896K, reserved 1048576K
Event: 2023.280 GC heap after
Heap after GC invocations=653 (full 17):
 PSYoungGen      total 270336K, used 111022K [0x00000000d6e00000, 0x00000000f0980000, 0x0000000100000000)
  eden space 128512K, 0% used [0x00000000d6e00000,0x00000000d6e00000,0x00000000deb80000)
  from space 141824K, 78% used [0x00000000e7900000,0x00000000ee56b890,0x00000000f0380000)
  to   space 144896K, 0% used [0x00000000deb80000,0x00000000deb80000,0x00000000e7900000)
 ParOldGen       total 662016K, used 635088K [0x0000000084a00000, 0x00000000ad080000, 0x00000000d6e00000)
  object space 662016K, 95% used [0x0000000084a00000,0x00000000ab634168,0x00000000ad080000)
 Metaspace       used 8410K, capacity 8489K, committed 8576K, reserved 1056768K
  class space    used 797K, capacity 817K, committed 896K, reserved 1048576K
}
Event: 2047.821 GC heap before
{Heap before GC invocations=654 (full 17):
 PSYoungGen      total 270336K, used 239534K [0x00000000d6e00000, 0x00000000f0980000, 0x0000000100000000)
  eden space 128512K, 100% used [0x00000000d6e00000,0x00000000deb80000,0x00000000deb80000)
  from space 141824K, 78% used [0x00000000e7900000,0x00000000ee56b890,0x00000000f0380000)
  to   space 144896K, 0% used [0x00000000deb80000,0x00000000deb80000,0x00000000e7900000)
 ParOldGen       total 662016K, used 635088K [0x0000000084a00000, 0x00000000ad080000, 0x00000000d6e00000)
  object space 662016K, 95% used [0x0000000084a00000,0x00000000ab634168,0x00000000ad080000)
 Metaspace       used 8410K, capacity 8489K, committed 8576K, reserved 1056768K
  class space    used 797K, capacity 817K, committed 896K, reserved 1048576K
Event: 2047.883 GC heap after
Heap after GC invocations=654 (full 17):
 PSYoungGen      total 273408K, used 113710K [0x00000000d6e00000, 0x00000000f1580000, 0x0000000100000000)
  eden space 128512K, 0% used [0x00000000d6e00000,0x00000000d6e00000,0x00000000deb80000)
  from space 144896K, 78% used [0x00000000deb80000,0x00000000e5a8b890,0x00000000e7900000)
  to   space 147456K, 0% used [0x00000000e8580000,0x00000000e8580000,0x00000000f1580000)
 ParOldGen       total 662016K, used 641648K [0x0000000084a00000, 0x00000000ad080000, 0x00000000d6e00000)
  object space 662016K, 96% used [0x0000000084a00000,0x00000000abc9c168,0x00000000ad080000)
 Metaspace       used 8410K, capacity 8489K, committed 8576K, reserved 1056768K
  class space    used 797K, capacity 817K, committed 896K, reserved 1048576K
}
Event: 2072.073 GC heap before
{Heap before GC invocations=655 (full 17):
 PSYoungGen      total 273408K, used 242222K [0x00000000d6e00000, 0x00000000f1580000, 0x0000000100000000)
  eden space 128512K, 100% used [0x00000000d6e00000,0x00000000deb80000,0x00000000deb80000)
  from space 144896K, 78% used [0x00000000deb80000,0x00000000e5a8b890,0x00000000e7900000)
  to   space 147456K, 0% used [0x00000000e8580000,0x00000000e8580000,0x00000000f1580000)
 ParOldGen       total 662016K, used 641648K [0x0000000084a00000, 0x00000000ad080000, 0x00000000d6e00000)
  object space 662016K, 96% used [0x0000000084a00000,0x00000000abc9c168,0x00000000ad080000)
 Metaspace       used 8410K, capacity 8489K, committed 8576K, reserved 1056768K
  class space    used 797K, capacity 817K, committed 896K, reserved 1048576K
Event: 2072.159 GC heap after
Heap after GC invocations=655 (full 17):
 PSYoungGen      total 282624K, used 117488K [0x00000000d6e00000, 0x00000000f1c00000, 0x0000000100000000)
  eden space 135168K, 0% used [0x00000000d6e00000,0x00000000d6e00000,0x00000000df200000)
  from space 147456K, 79% used [0x00000000e8580000,0x00000000ef83c080,0x00000000f1580000)
  to   space 151040K, 0% used [0x00000000df200000,0x00000000df200000,0x00000000e8580000)
 ParOldGen       total 662016K, used 648536K [0x0000000084a00000, 0x00000000ad080000, 0x00000000d6e00000)
  object space 662016K, 97% used [0x0000000084a00000,0x00000000ac356168,0x00000000ad080000)
 Metaspace       used 8410K, capacity 8489K, committed 8576K, reserved 1056768K
  class space    used 797K, capacity 817K, committed 896K, reserved 1048576K
}

