# JRE version: Java(TM) SE Runtime Environment (8.0_141-b15) (build 1.8.0_141-b15)
# Java VM: Java HotSpot(TM) 64-Bit Server VM (25.141-b15 mixed mode windows-amd64 compressed oops)
Heap:
 PSYoungGen      total 376320K, used 186212K [0x00000000d6e00000, 0x00000000fbb00000, 0x0000000100000000)
  eden space 178176K, 18% used [0x00000000d6e00000,0x00000000d8db9188,0x00000000e1c00000)
  from space 198144K, 77% used [0x00000000e1c00000,0x00000000eb21ff70,0x00000000edd80000)
  to   space 204288K, 0% used [0x00000000ef380000,0x00000000ef380000,0x00000000fbb00000)
 ParOldGen       total 632832K, used 590530K [0x0000000084a00000, 0x00000000ab400000, 0x00000000d6e00000)
  object space 632832K, 93% used [0x0000000084a00000,0x00000000a8ab0a98,0x00000000ab400000)
 Metaspace       used 8437K, capacity 8489K, committed 8576K, reserved 1056768K
  class space    used 799K, capacity 817K, committed 896K, reserved 1048576K
GC Heap History (10 events):
Event: 1923.677 GC heap before
{Heap before GC invocations=389 (full 14):
 PSYoungGen      total 331776K, used 141311K [0x00000000d6e00000, 0x00000000f7800000, 0x0000000100000000)
  eden space 159232K, 0% used [0x00000000d6e00000,0x00000000d6e00000,0x00000000e0980000)
  from space 172544K, 81% used [0x00000000e0980000,0x00000000e937ff70,0x00000000eb200000)
  to   space 180736K, 0% used [0x00000000ec780000,0x00000000ec780000,0x00000000f7800000)
 ParOldGen       total 565760K, used 556411K [0x0000000084a00000, 0x00000000a7280000, 0x00000000d6e00000)
  object space 565760K, 98% used [0x0000000084a00000,0x00000000a695ef60,0x00000000a7280000)
 Metaspace       used 8437K, capacity 8489K, committed 8576K, reserved 1056768K
  class space    used 799K, capacity 817K, committed 896K, reserved 1048576K
Event: 1925.264 GC heap after
Heap after GC invocations=389 (full 14):
 PSYoungGen      total 331776K, used 129355K [0x00000000d6e00000, 0x00000000f7800000, 0x0000000100000000)
  eden space 159232K, 0% used [0x00000000d6e00000,0x00000000d6e00000,0x00000000e0980000)
  from space 172544K, 74% used [0x00000000e0980000,0x00000000e87d2de8,0x00000000eb200000)
  to   space 180736K, 0% used [0x00000000ec780000,0x00000000ec780000,0x00000000f7800000)
 ParOldGen       total 632832K, used 565362K [0x0000000084a00000, 0x00000000ab400000, 0x00000000d6e00000)
  object space 632832K, 89% used [0x0000000084a00000,0x00000000a721ca98,0x00000000ab400000)
 Metaspace       used 8437K, capacity 8489K, committed 8576K, reserved 1056768K
  class space    used 799K, capacity 817K, committed 896K, reserved 1048576K
}
Event: 1955.962 GC heap before
{Heap before GC invocations=390 (full 14):
 PSYoungGen      total 331776K, used 288587K [0x00000000d6e00000, 0x00000000f7800000, 0x0000000100000000)
  eden space 159232K, 100% used [0x00000000d6e00000,0x00000000e0980000,0x00000000e0980000)
  from space 172544K, 74% used [0x00000000e0980000,0x00000000e87d2de8,0x00000000eb200000)
  to   space 180736K, 0% used [0x00000000ec780000,0x00000000ec780000,0x00000000f7800000)
 ParOldGen       total 632832K, used 565362K [0x0000000084a00000, 0x00000000ab400000, 0x00000000d6e00000)
  object space 632832K, 89% used [0x0000000084a00000,0x00000000a721ca98,0x00000000ab400000)
 Metaspace       used 8437K, capacity 8489K, committed 8576K, reserved 1056768K
  class space    used 799K, capacity 817K, committed 896K, reserved 1048576K
Event: 1956.165 GC heap after
Heap after GC invocations=390 (full 14):
 PSYoungGen      total 349696K, used 135071K [0x00000000d6e00000, 0x00000000f8100000, 0x0000000100000000)
  eden space 168960K, 0% used [0x00000000d6e00000,0x00000000d6e00000,0x00000000e1300000)
  from space 180736K, 74% used [0x00000000ec780000,0x00000000f4b67f70,0x00000000f7800000)
  to   space 184832K, 0% used [0x00000000e1300000,0x00000000e1300000,0x00000000ec780000)
 ParOldGen       total 632832K, used 572338K [0x0000000084a00000, 0x00000000ab400000, 0x00000000d6e00000)
  object space 632832K, 90% used [0x0000000084a00000,0x00000000a78eca98,0x00000000ab400000)
 Metaspace       used 8437K, capacity 8489K, committed 8576K, reserved 1056768K
  class space    used 799K, capacity 817K, committed 896K, reserved 1048576K
}
Event: 1988.544 GC heap before
{Heap before GC invocations=391 (full 14):
 PSYoungGen      total 349696K, used 303974K [0x00000000d6e00000, 0x00000000f8100000, 0x0000000100000000)
  eden space 168960K, 99% used [0x00000000d6e00000,0x00000000e12f1a10,0x00000000e1300000)
  from space 180736K, 74% used [0x00000000ec780000,0x00000000f4b67f70,0x00000000f7800000)
  to   space 184832K, 0% used [0x00000000e1300000,0x00000000e1300000,0x00000000ec780000)
 ParOldGen       total 632832K, used 572338K [0x0000000084a00000, 0x00000000ab400000, 0x00000000d6e00000)
  object space 632832K, 90% used [0x0000000084a00000,0x00000000a78eca98,0x00000000ab400000)
 Metaspace       used 8437K, capacity 8489K, committed 8576K, reserved 1056768K
  class space    used 799K, capacity 817K, committed 896K, reserved 1048576K
Event: 1988.703 GC heap after
Heap after GC invocations=391 (full 14):
 PSYoungGen      total 353792K, used 146143K [0x00000000d6e00000, 0x00000000f9880000, 0x0000000100000000)
  eden space 168960K, 0% used [0x00000000d6e00000,0x00000000d6e00000,0x00000000e1300000)
  from space 184832K, 79% used [0x00000000e1300000,0x00000000ea1b7f70,0x00000000ec780000)
  to   space 191488K, 0% used [0x00000000edd80000,0x00000000edd80000,0x00000000f9880000)
 ParOldGen       total 632832K, used 573394K [0x0000000084a00000, 0x00000000ab400000, 0x00000000d6e00000)
  object space 632832K, 90% used [0x0000000084a00000,0x00000000a79f4a98,0x00000000ab400000)
 Metaspace       used 8437K, capacity 8489K, committed 8576K, reserved 1056768K
  class space    used 799K, capacity 817K, committed 896K, reserved 1048576K
}
Event: 2021.209 GC heap before
{Heap before GC invocations=392 (full 14):
 PSYoungGen      total 353792K, used 315103K [0x00000000d6e00000, 0x00000000f9880000, 0x0000000100000000)
  eden space 168960K, 100% used [0x00000000d6e00000,0x00000000e1300000,0x00000000e1300000)
  from space 184832K, 79% used [0x00000000e1300000,0x00000000ea1b7f70,0x00000000ec780000)
  to   space 191488K, 0% used [0x00000000edd80000,0x00000000edd80000,0x00000000f9880000)
 ParOldGen       total 632832K, used 573394K [0x0000000084a00000, 0x00000000ab400000, 0x00000000d6e00000)
  object space 632832K, 90% used [0x0000000084a00000,0x00000000a79f4a98,0x00000000ab400000)
 Metaspace       used 8437K, capacity 8489K, committed 8576K, reserved 1056768K
  class space    used 799K, capacity 817K, committed 896K, reserved 1048576K
Event: 2021.376 GC heap after
Heap after GC invocations=392 (full 14):
 PSYoungGen      total 369664K, used 149567K [0x00000000d6e00000, 0x00000000fa580000, 0x0000000100000000)
  eden space 178176K, 0% used [0x00000000d6e00000,0x00000000d6e00000,0x00000000e1c00000)
  from space 191488K, 78% used [0x00000000edd80000,0x00000000f6f8ff70,0x00000000f9880000)
  to   space 198144K, 0% used [0x00000000e1c00000,0x00000000e1c00000,0x00000000edd80000)
 ParOldGen       total 632832K, used 582002K [0x0000000084a00000, 0x00000000ab400000, 0x00000000d6e00000)
  object space 632832K, 91% used [0x0000000084a00000,0x00000000a825ca98,0x00000000ab400000)
 Metaspace       used 8437K, capacity 8489K, committed 8576K, reserved 1056768K
  class space    used 799K, capacity 817K, committed 896K, reserved 1048576K
}
Event: 2055.372 GC heap before
{Heap before GC invocations=393 (full 14):
 PSYoungGen      total 369664K, used 327743K [0x00000000d6e00000, 0x00000000fa580000, 0x0000000100000000)
  eden space 178176K, 100% used [0x00000000d6e00000,0x00000000e1c00000,0x00000000e1c00000)
  from space 191488K, 78% used [0x00000000edd80000,0x00000000f6f8ff70,0x00000000f9880000)
  to   space 198144K, 0% used [0x00000000e1c00000,0x00000000e1c00000,0x00000000edd80000)
 ParOldGen       total 632832K, used 582002K [0x0000000084a00000, 0x00000000ab400000, 0x00000000d6e00000)
  object space 632832K, 91% used [0x0000000084a00000,0x00000000a825ca98,0x00000000ab400000)
 Metaspace       used 8437K, capacity 8489K, committed 8576K, reserved 1056768K
  class space    used 799K, capacity 817K, committed 896K, reserved 1048576K
Event: 2055.526 GC heap after
Heap after GC invocations=393 (full 14):
 PSYoungGen      total 376320K, used 153727K [0x00000000d6e00000, 0x00000000fbb00000, 0x0000000100000000)
  eden space 178176K, 0% used [0x00000000d6e00000,0x00000000d6e00000,0x00000000e1c00000)
  from space 198144K, 77% used [0x00000000e1c00000,0x00000000eb21ff70,0x00000000edd80000)
  to   space 204288K, 0% used [0x00000000ef380000,0x00000000ef380000,0x00000000fbb00000)
 ParOldGen       total 632832K, used 590530K [0x0000000084a00000, 0x00000000ab400000, 0x00000000d6e00000)
  object space 632832K, 93% used [0x0000000084a00000,0x00000000a8ab0a98,0x00000000ab400000)
 Metaspace       used 8437K, capacity 8489K, committed 8576K, reserved 1056768K
  class space    used 799K, capacity 817K, committed 896K, reserved 1048576K
}

